Using pnpm
Upgrading /media/user/d/WWW/luscious-lucia/verified-email-nodemailer-password-prisma-sqlite/package.json

 @lucia-auth/adapter-prisma         ^3.0.1  →   ^3.0.2
 @sveltejs/adapter-auto             ^2.0.0  →   ^2.1.0
 @sveltejs/kit                     ^1.20.4  →  ^1.27.0
 @types/nodemailer                 ^6.4.10  →  ^6.4.13
 @typescript-eslint/eslint-plugin  ^5.45.0  →   ^6.9.0
 @typescript-eslint/parser         ^5.45.0  →   ^6.9.0
 eslint                            ^8.28.0  →  ^8.52.0
 eslint-config-prettier             ^8.5.0  →   ^9.0.0
 eslint-plugin-svelte              ^2.30.0  →  ^2.34.0
 lucia                              ^2.5.0  →   ^2.7.2
 nodemailer                         ^6.9.5  →   ^6.9.7
 prettier                           ^2.8.0  →   ^3.0.3
 prettier-plugin-svelte            ^2.10.1  →   ^3.0.3
 prisma                             ^5.2.0  →   ^5.5.0
 svelte                             ^4.0.5  →   ^4.2.2
 svelte-check                       ^3.4.3  →   ^3.5.2
 tslib                              ^2.4.1  →   ^2.6.2
 typescript                         ^5.0.0  →   ^5.2.2
 vite                               ^4.4.2  →   ^4.5.0

Run pnpm install to install new versions.
